<?xml version="1.0" encoding="UTF-8"?>
<!-- Generated by org.testng.reporters.JUnitReportReporter -->
<testsuite hostname="Heenas-MBP.lan" failures="0" tests="4" name="RestAssured.PostRequest" time="3.207" errors="0" timestamp="2023-12-11T22:23:31 EST" skipped="0">
  <testcase classname="RestAssured.PostRequest" name="createUserusingHM" time="1.996"/>
  <testcase classname="RestAssured.PostRequest" name="createUserwithorgJson" time="0.452"/>
  <testcase classname="RestAssured.PostRequest" name="createUserwithPOJO" time="0.374"/>
  <testcase classname="RestAssured.PostRequest" name="createUserusingJSONFile" time="0.385"/>
</testsuite> <!-- RestAssured.PostRequest -->
