<?xml version="1.0" encoding="UTF-8"?>
<!-- Generated by org.testng.reporters.JUnitReportReporter -->
<testsuite hostname="Heenas-MBP.lan" failures="0" tests="4" name="RestAssured.HttpRequest" time="2.727" errors="0" timestamp="2023-12-11T21:24:22 EST" skipped="0">
  <testcase classname="RestAssured.HttpRequest" name="getUser" time="1.363"/>
  <testcase classname="RestAssured.HttpRequest" name="createUser" time="0.670"/>
  <testcase classname="RestAssured.HttpRequest" name="updateUser" time="0.324"/>
  <testcase classname="RestAssured.HttpRequest" name="deleteUser" time="0.370"/>
</testsuite> <!-- RestAssured.HttpRequest -->
