<?xml version="1.0" encoding="UTF-8"?>
<!-- Generated by org.testng.reporters.JUnitReportReporter -->
<testsuite hostname="Heenas-MBP.lan" failures="0" tests="4" name="RestAssured.Authentications" time="3.605" errors="0" timestamp="2023-12-12T21:31:14 EST" skipped="0">
  <testcase classname="RestAssured.Authentications" name="basicAuthTest" time="2.664"/>
  <testcase classname="RestAssured.Authentications" name="digestAuthTest" time="0.302"/>
  <testcase classname="RestAssured.Authentications" name="preemptiveAuthTest" time="0.233"/>
  <testcase classname="RestAssured.Authentications" name="bearerTokenAuthTest" time="0.406"/>
</testsuite> <!-- RestAssured.Authentications -->
