<?xml version="1.0" encoding="UTF-8"?>
<!-- Generated by org.testng.reporters.JUnitReportReporter -->
<testsuite hostname="Heenas-MBP.lan" failures="0" tests="1" name="APIChaining.UpdateUser" time="0.401" errors="0" timestamp="2023-12-12T22:33:03 EST" skipped="0">
  <testcase classname="APIChaining.UpdateUser" name="test_updateUser" time="0.401"/>
</testsuite> <!-- APIChaining.UpdateUser -->
