<?xml version="1.0" encoding="UTF-8"?>
<!-- Generated by org.testng.reporters.JUnitReportReporter -->
<testsuite hostname="Heenas-MBP.lan" failures="0" tests="1" name="RestAssured.GetRequest" time="1.305" errors="0" timestamp="2023-12-11T21:04:59 EST" skipped="0">
  <testcase classname="RestAssured.GetRequest" name="getUser" time="1.305"/>
</testsuite> <!-- RestAssured.GetRequest -->
