<?xml version="1.0" encoding="UTF-8"?>
<!-- Generated by org.testng.reporters.JUnitReportReporter -->
<testsuite hostname="Heenas-MBP.lan" failures="0" tests="1" name="RestAssured.pathqueryparamsTest" time="1.534" errors="0" timestamp="2023-12-11T22:39:18 EST" skipped="0">
  <testcase classname="RestAssured.pathqueryparamsTest" name="testQueryAndPathParams" time="1.534"/>
</testsuite> <!-- RestAssured.pathqueryparamsTest -->
